<?xml version="1.0" encoding="UTF-8"?>
<testsuite name="TattooFromAliexTest" tests="1" skipped="0" failures="0" errors="0" timestamp="2021-05-15T17:36:06" hostname="MacBook-Pro-Vita.local" time="14.465">
  <properties/>
  <testcase name="Tattoo" classname="TattooFromAliexTest" time="14.465"/>
  <system-out><![CDATA[]]></system-out>
  <system-err><![CDATA[log4j:WARN No appenders could be found for logger (io.github.bonigarcia.wdm.Preferences).
log4j:WARN Please initialize the log4j system properly.
log4j:WARN See http://logging.apache.org/log4j/1.2/faq.html#noconfig for more info.
Starting ChromeDriver 90.0.4430.24 (4c6d850f087da467d926e8eddb76550aed655991-refs/branch-heads/4430@{#429}) on port 18765
Only local connections are allowed.
Please see https://chromedriver.chromium.org/security-considerations for suggestions on keeping ChromeDriver safe.
ChromeDriver was started successfully.
May 15, 2021 8:36:08 PM org.openqa.selenium.remote.ProtocolHandshake createSession
INFO: Detected dialect: W3C
]]></system-err>
</testsuite>
